2026-02-18 15:40:06 - INFO - RegisterAccount - ==== Test Execution Started ====
2026-02-18 15:40:08 - INFO - RegisterAccount - Chrome Browser Launched
2026-02-18 15:40:10 - INFO - RegisterAccount - Navigated to Application URL
2026-02-18 15:40:10 - INFO - RegisterAccount - ========== TC1: Register With Mandatory Fields ==========
2026-02-18 15:40:10 - INFO - RegisterAccount - Clicked on Register link
2026-02-18 15:40:11 - INFO - RegisterAccount - Entered mandatory registration details
2026-02-18 15:40:11 - INFO - RegisterAccount - Accepted Privacy Policy
2026-02-18 15:40:13 - INFO - RegisterAccount - Clicked Continue button
2026-02-18 15:40:13 - INFO - RegisterAccount - TC1 PASSED - Account Created Successfully
2026-02-18 15:40:13 - INFO - RegisterAccount - Browser Closed
2026-02-18 15:40:13 - INFO - RegisterAccount - ==== Test Execution Finished ====
2026-02-18 15:40:13 - INFO - RegisterAccount - ==== Test Execution Started ====
2026-02-18 15:40:15 - INFO - RegisterAccount - Chrome Browser Launched
2026-02-18 15:40:17 - INFO - RegisterAccount - Navigated to Application URL
2026-02-18 15:40:17 - INFO - RegisterAccount - ========== TC1: Register With Mandatory Fields ==========
2026-02-18 15:40:17 - INFO - RegisterAccount - Clicked on Register link
2026-02-18 15:40:18 - INFO - RegisterAccount - Entered mandatory registration details
2026-02-18 15:40:18 - INFO - RegisterAccount - Accepted Privacy Policy
2026-02-18 15:40:20 - INFO - RegisterAccount - Clicked Continue button
2026-02-18 15:40:20 - INFO - RegisterAccount - TC1 PASSED - Account Created Successfully
2026-02-18 15:40:20 - INFO - RegisterAccount - Browser Closed
2026-02-18 15:40:20 - INFO - RegisterAccount - ==== Test Execution Finished ====
2026-02-18 15:40:20 - INFO - RegisterAccount - ==== Test Execution Started ====
2026-02-18 15:40:22 - INFO - RegisterAccount - Chrome Browser Launched
2026-02-18 15:40:23 - INFO - RegisterAccount - Navigated to Application URL
2026-02-18 15:40:23 - INFO - RegisterAccount - ========== TC2: Register With All Fields ==========
2026-02-18 15:40:24 - INFO - RegisterAccount - Clicked on Register link
2026-02-18 15:40:24 - INFO - RegisterAccount - Entered all registration details
2026-02-18 15:40:24 - INFO - RegisterAccount - Newsletter option selected
2026-02-18 15:40:24 - INFO - RegisterAccount - Accepted Privacy Policy
2026-02-18 15:40:25 - INFO - RegisterAccount - Clicked Continue button
2026-02-18 15:40:25 - INFO - RegisterAccount - TC2 PASSED - Account Created Successfully
2026-02-18 15:40:26 - INFO - RegisterAccount - Browser Closed
2026-02-18 15:40:26 - INFO - RegisterAccount - ==== Test Execution Finished ====
2026-02-18 15:40:26 - INFO - RegisterAccount - ==== Test Execution Started ====
2026-02-18 15:40:27 - INFO - RegisterAccount - Chrome Browser Launched
2026-02-18 15:40:28 - INFO - RegisterAccount - Navigated to Application URL
2026-02-18 15:40:28 - INFO - RegisterAccount - ========== TC2: Register With All Fields ==========
2026-02-18 15:40:29 - INFO - RegisterAccount - Clicked on Register link
2026-02-18 15:40:30 - INFO - RegisterAccount - Entered all registration details
2026-02-18 15:40:30 - INFO - RegisterAccount - Newsletter option selected
2026-02-18 15:40:30 - INFO - RegisterAccount - Accepted Privacy Policy
2026-02-18 15:40:31 - INFO - RegisterAccount - Clicked Continue button
2026-02-18 15:40:31 - INFO - RegisterAccount - TC2 PASSED - Account Created Successfully
2026-02-18 15:40:31 - INFO - RegisterAccount - Browser Closed
2026-02-18 15:40:31 - INFO - RegisterAccount - ==== Test Execution Finished ====
2026-02-18 15:40:31 - INFO - RegisterAccount - ==== Test Execution Started ====
2026-02-18 15:40:33 - INFO - RegisterAccount - Chrome Browser Launched
2026-02-18 15:40:34 - INFO - RegisterAccount - Navigated to Application URL
2026-02-18 15:40:34 - INFO - RegisterAccount - ========== TC3: Register Without Entering Fields ==========
2026-02-18 15:40:34 - INFO - RegisterAccount - Clicked on Register link
2026-02-18 15:40:35 - INFO - RegisterAccount - Clicked Continue without entering any data
2026-02-18 15:40:35 - INFO - RegisterAccount - TC3 PASSED - Proper Warning Message Displayed
2026-02-18 15:40:35 - INFO - RegisterAccount - Browser Closed
2026-02-18 15:40:35 - INFO - RegisterAccount - ==== Test Execution Finished ====
2026-02-18 15:42:10 - INFO - RegisterAccount - ==== Test Execution Started ====
2026-02-18 15:42:12 - INFO - RegisterAccount - Chrome Browser Launched
2026-02-18 15:42:13 - INFO - RegisterAccount - Navigated to Application URL
2026-02-18 15:42:13 - INFO - RegisterAccount - ========== TC1: Register With Mandatory Fields ==========
2026-02-18 15:42:14 - INFO - RegisterAccount - Clicked on Register link
2026-02-18 15:42:15 - INFO - RegisterAccount - Entered mandatory registration details
2026-02-18 15:42:15 - INFO - RegisterAccount - Accepted Privacy Policy
2026-02-18 15:42:16 - INFO - RegisterAccount - Clicked Continue button
2026-02-18 15:42:16 - INFO - RegisterAccount - TC1 PASSED - Account Created Successfully
2026-02-18 15:42:16 - INFO - RegisterAccount - Browser Closed
2026-02-18 15:42:16 - INFO - RegisterAccount - ==== Test Execution Finished ====
2026-02-18 15:42:16 - INFO - RegisterAccount - ==== Test Execution Started ====
2026-02-18 15:42:17 - INFO - RegisterAccount - Chrome Browser Launched
2026-02-18 15:42:19 - INFO - RegisterAccount - Navigated to Application URL
2026-02-18 15:42:19 - INFO - RegisterAccount - ========== TC1: Register With Mandatory Fields ==========
2026-02-18 15:42:20 - INFO - RegisterAccount - Clicked on Register link
2026-02-18 15:42:21 - INFO - RegisterAccount - Entered mandatory registration details
2026-02-18 15:42:21 - INFO - RegisterAccount - Accepted Privacy Policy
2026-02-18 15:42:22 - INFO - RegisterAccount - Clicked Continue button
2026-02-18 15:42:22 - INFO - RegisterAccount - TC1 PASSED - Account Created Successfully
2026-02-18 15:42:22 - INFO - RegisterAccount - Browser Closed
2026-02-18 15:42:22 - INFO - RegisterAccount - ==== Test Execution Finished ====
2026-02-18 15:42:22 - INFO - RegisterAccount - ==== Test Execution Started ====
2026-02-18 15:42:23 - INFO - RegisterAccount - Chrome Browser Launched
2026-02-18 15:42:25 - INFO - RegisterAccount - Navigated to Application URL
2026-02-18 15:42:25 - INFO - RegisterAccount - ========== TC2: Register With All Fields ==========
2026-02-18 15:42:25 - INFO - RegisterAccount - Clicked on Register link
2026-02-18 15:42:26 - INFO - RegisterAccount - Entered all registration details
2026-02-18 15:42:26 - INFO - RegisterAccount - Newsletter option selected
2026-02-18 15:42:26 - INFO - RegisterAccount - Accepted Privacy Policy
2026-02-18 15:42:27 - INFO - RegisterAccount - Clicked Continue button
2026-02-18 15:42:27 - INFO - RegisterAccount - TC2 PASSED - Account Created Successfully
2026-02-18 15:42:27 - INFO - RegisterAccount - Browser Closed
2026-02-18 15:42:27 - INFO - RegisterAccount - ==== Test Execution Finished ====
2026-02-18 15:42:27 - INFO - RegisterAccount - ==== Test Execution Started ====
2026-02-18 15:42:29 - INFO - RegisterAccount - Chrome Browser Launched
2026-02-18 15:42:30 - INFO - RegisterAccount - Navigated to Application URL
2026-02-18 15:42:30 - INFO - RegisterAccount - ========== TC2: Register With All Fields ==========
2026-02-18 15:42:30 - INFO - RegisterAccount - Clicked on Register link
2026-02-18 15:42:31 - INFO - RegisterAccount - Entered all registration details
2026-02-18 15:42:31 - INFO - RegisterAccount - Newsletter option selected
2026-02-18 15:42:31 - INFO - RegisterAccount - Accepted Privacy Policy
2026-02-18 15:42:31 - INFO - RegisterAccount - Clicked Continue button
2026-02-18 15:42:32 - INFO - RegisterAccount - TC2 PASSED - Account Created Successfully
2026-02-18 15:42:32 - INFO - RegisterAccount - Browser Closed
2026-02-18 15:42:32 - INFO - RegisterAccount - ==== Test Execution Finished ====
2026-02-18 15:42:32 - INFO - RegisterAccount - ==== Test Execution Started ====
2026-02-18 15:42:34 - INFO - RegisterAccount - Chrome Browser Launched
2026-02-18 15:42:35 - INFO - RegisterAccount - Navigated to Application URL
2026-02-18 15:42:35 - INFO - RegisterAccount - ========== TC3: Register Without Entering Fields ==========
2026-02-18 15:42:36 - INFO - RegisterAccount - Clicked on Register link
2026-02-18 15:42:36 - INFO - RegisterAccount - Clicked Continue without entering any data
2026-02-18 15:42:36 - INFO - RegisterAccount - TC3 PASSED - Proper Warning Message Displayed
2026-02-18 15:42:36 - INFO - RegisterAccount - Browser Closed
2026-02-18 15:42:36 - INFO - RegisterAccount - ==== Test Execution Finished ====
2026-02-18 23:35:37 - INFO - RegisterAccount - ========== TC1 Started ==========
2026-02-18 23:35:38 - INFO - RegisterAccount - Clicked on Register link
2026-02-18 23:35:39 - INFO - RegisterAccount - Entered mandatory registration details
2026-02-18 23:35:39 - INFO - RegisterAccount - Accepted Privacy Policy
2026-02-18 23:35:39 - INFO - RegisterAccount - Clicked Continue button
2026-02-18 23:35:40 - INFO - RegisterAccount - TC1 PASSED - Account Created Successfully
2026-02-18 23:35:43 - INFO - RegisterAccount - ========== TC1 Started ==========
2026-02-18 23:35:44 - INFO - RegisterAccount - Clicked on Register link
2026-02-18 23:35:44 - INFO - RegisterAccount - Entered mandatory registration details
2026-02-18 23:35:45 - INFO - RegisterAccount - Accepted Privacy Policy
2026-02-18 23:35:45 - INFO - RegisterAccount - Clicked Continue button
2026-02-18 23:35:46 - INFO - RegisterAccount - TC1 PASSED - Account Created Successfully
2026-02-18 23:35:49 - INFO - RegisterAccount - ========== TC2 Started ==========
2026-02-18 23:35:50 - INFO - RegisterAccount - Clicked on Register link
2026-02-18 23:35:50 - INFO - RegisterAccount - Entered all registration details
2026-02-18 23:35:51 - INFO - RegisterAccount - Newsletter option selected
2026-02-18 23:35:52 - INFO - RegisterAccount - Clicked Continue button
2026-02-18 23:35:52 - INFO - RegisterAccount - TC2 PASSED - Account Created Successfully
2026-02-18 23:35:55 - INFO - RegisterAccount - ========== TC2 Started ==========
2026-02-18 23:35:56 - INFO - RegisterAccount - Clicked on Register link
2026-02-18 23:35:56 - INFO - RegisterAccount - Entered all registration details
2026-02-18 23:35:56 - INFO - RegisterAccount - Newsletter option selected
2026-02-18 23:35:58 - INFO - RegisterAccount - Clicked Continue button
2026-02-18 23:35:58 - INFO - RegisterAccount - TC2 PASSED - Account Created Successfully
2026-02-18 23:36:01 - INFO - RegisterAccount - ========== TC3 Started ==========
2026-02-18 23:36:02 - INFO - RegisterAccount - Clicked on Register link
2026-02-18 23:36:02 - INFO - RegisterAccount - Clicked Continue without entering data
2026-02-18 23:36:02 - INFO - RegisterAccount - TC3 PASSED - Warning Message Displayed
2026-02-18 23:47:58 - INFO - RegisterAccount - ========== TC1 Started ==========
2026-02-18 23:47:59 - INFO - RegisterAccount - Clicked on Register link
2026-02-18 23:48:00 - INFO - RegisterAccount - Entered mandatory registration details
2026-02-18 23:48:00 - INFO - RegisterAccount - Accepted Privacy Policy
2026-02-18 23:48:01 - INFO - RegisterAccount - Clicked Continue button
2026-02-18 23:48:01 - INFO - RegisterAccount - TC1 PASSED - Account Created Successfully
2026-02-18 23:48:04 - INFO - RegisterAccount - ========== TC1 Started ==========
2026-02-18 23:48:05 - INFO - RegisterAccount - Clicked on Register link
2026-02-18 23:48:06 - INFO - RegisterAccount - Entered mandatory registration details
2026-02-18 23:48:06 - INFO - RegisterAccount - Accepted Privacy Policy
2026-02-18 23:48:06 - INFO - RegisterAccount - Clicked Continue button
2026-02-18 23:48:07 - INFO - RegisterAccount - TC1 PASSED - Account Created Successfully
2026-02-18 23:48:10 - INFO - RegisterAccount - ========== TC2 Started ==========
2026-02-18 23:48:11 - INFO - RegisterAccount - Clicked on Register link
2026-02-18 23:48:11 - INFO - RegisterAccount - Entered all registration details
2026-02-18 23:48:11 - INFO - RegisterAccount - Newsletter option selected
2026-02-18 23:48:12 - INFO - RegisterAccount - Clicked Continue button
2026-02-18 23:48:13 - INFO - RegisterAccount - TC2 PASSED - Account Created Successfully
2026-02-18 23:48:15 - INFO - RegisterAccount - ========== TC2 Started ==========
2026-02-18 23:48:17 - INFO - RegisterAccount - Clicked on Register link
2026-02-18 23:48:17 - INFO - RegisterAccount - Entered all registration details
2026-02-18 23:48:17 - INFO - RegisterAccount - Newsletter option selected
2026-02-18 23:48:18 - INFO - RegisterAccount - Clicked Continue button
2026-02-18 23:48:18 - INFO - RegisterAccount - TC2 PASSED - Account Created Successfully
2026-02-18 23:48:22 - INFO - RegisterAccount - ========== TC3 Started ==========
2026-02-18 23:48:23 - INFO - RegisterAccount - Clicked on Register link
2026-02-18 23:48:24 - INFO - RegisterAccount - Clicked Continue without entering data
2026-02-18 23:48:24 - INFO - RegisterAccount - TC3 PASSED - Warning Message Displayed
2026-02-18 23:55:35 - INFO - RegisterAccount - ========== TC1 Started ==========
2026-02-18 23:55:36 - INFO - RegisterAccount - Clicked on Register link
2026-02-18 23:55:36 - INFO - RegisterAccount - Entered mandatory registration details
2026-02-18 23:55:36 - INFO - RegisterAccount - Accepted Privacy Policy
2026-02-18 23:55:38 - INFO - RegisterAccount - Clicked Continue button
2026-02-18 23:55:38 - INFO - RegisterAccount - TC1 PASSED - Account Created Successfully
2026-02-18 23:55:42 - INFO - RegisterAccount - ========== TC1 Started ==========
2026-02-18 23:55:42 - INFO - RegisterAccount - Clicked on Register link
2026-02-18 23:55:43 - INFO - RegisterAccount - Entered mandatory registration details
2026-02-18 23:55:43 - INFO - RegisterAccount - Accepted Privacy Policy
2026-02-18 23:55:44 - INFO - RegisterAccount - Clicked Continue button
2026-02-18 23:55:44 - INFO - RegisterAccount - TC1 PASSED - Account Created Successfully
2026-02-18 23:55:48 - INFO - RegisterAccount - ========== TC2 Started ==========
2026-02-18 23:55:48 - INFO - RegisterAccount - Clicked on Register link
2026-02-18 23:55:49 - INFO - RegisterAccount - Entered all registration details
2026-02-18 23:55:49 - INFO - RegisterAccount - Newsletter option selected
2026-02-18 23:55:50 - INFO - RegisterAccount - Clicked Continue button
2026-02-18 23:55:50 - INFO - RegisterAccount - TC2 PASSED - Account Created Successfully
2026-02-18 23:55:53 - INFO - RegisterAccount - ========== TC2 Started ==========
2026-02-18 23:55:54 - INFO - RegisterAccount - Clicked on Register link
2026-02-18 23:55:54 - INFO - RegisterAccount - Entered all registration details
2026-02-18 23:55:55 - INFO - RegisterAccount - Newsletter option selected
2026-02-18 23:55:56 - INFO - RegisterAccount - Clicked Continue button
2026-02-18 23:55:56 - INFO - RegisterAccount - TC2 PASSED - Account Created Successfully
2026-02-18 23:55:59 - INFO - RegisterAccount - ========== TC3 Started ==========
2026-02-18 23:56:00 - INFO - RegisterAccount - Clicked on Register link
2026-02-18 23:56:00 - INFO - RegisterAccount - Clicked Continue without entering data
2026-02-18 23:56:00 - INFO - RegisterAccount - TC3 PASSED - Warning Message Displayed
2026-02-19 00:08:41 - INFO - RegisterAccount - ========== TC1 Started ==========
2026-02-19 00:08:41 - INFO - RegisterAccount - Clicked on Register link
2026-02-19 00:08:42 - INFO - RegisterAccount - Entered mandatory registration details
2026-02-19 00:08:42 - INFO - RegisterAccount - Accepted Privacy Policy
2026-02-19 00:08:43 - INFO - RegisterAccount - Clicked Continue button
2026-02-19 00:08:43 - INFO - RegisterAccount - TC1 PASSED - Account Created Successfully
2026-02-19 00:08:47 - INFO - RegisterAccount - ========== TC1 Started ==========
2026-02-19 00:08:47 - INFO - RegisterAccount - Clicked on Register link
2026-02-19 00:08:48 - INFO - RegisterAccount - Entered mandatory registration details
2026-02-19 00:08:48 - INFO - RegisterAccount - Accepted Privacy Policy
2026-02-19 00:08:49 - INFO - RegisterAccount - Clicked Continue button
2026-02-19 00:08:49 - INFO - RegisterAccount - TC1 PASSED - Account Created Successfully
2026-02-19 00:08:52 - INFO - RegisterAccount - ========== TC2 Started ==========
2026-02-19 00:08:53 - INFO - RegisterAccount - Clicked on Register link
2026-02-19 00:08:54 - INFO - RegisterAccount - Entered all registration details
2026-02-19 00:08:54 - INFO - RegisterAccount - Newsletter option selected
2026-02-19 00:08:55 - INFO - RegisterAccount - Clicked Continue button
2026-02-19 00:08:55 - INFO - RegisterAccount - TC2 PASSED - Account Created Successfully
2026-02-19 00:08:57 - INFO - RegisterAccount - ========== TC2 Started ==========
2026-02-19 00:08:59 - INFO - RegisterAccount - Clicked on Register link
2026-02-19 00:08:59 - INFO - RegisterAccount - Entered all registration details
2026-02-19 00:08:59 - INFO - RegisterAccount - Newsletter option selected
2026-02-19 00:09:01 - INFO - RegisterAccount - Clicked Continue button
2026-02-19 00:09:01 - INFO - RegisterAccount - TC2 PASSED - Account Created Successfully
2026-02-19 00:09:04 - INFO - RegisterAccount - ========== TC3 Started ==========
2026-02-19 00:09:05 - INFO - RegisterAccount - Clicked on Register link
2026-02-19 00:09:05 - INFO - RegisterAccount - Clicked Continue without entering data
2026-02-19 00:09:05 - INFO - RegisterAccount - TC3 PASSED - Warning Message Displayed
2026-02-19 00:09:32 - INFO - RegisterAccount - ========== TC1 Started ==========
2026-02-19 00:09:32 - INFO - RegisterAccount - Clicked on Register link
2026-02-19 00:09:33 - INFO - RegisterAccount - Entered mandatory registration details
2026-02-19 00:09:33 - INFO - RegisterAccount - Accepted Privacy Policy
2026-02-19 00:09:34 - INFO - RegisterAccount - Clicked Continue button
2026-02-19 00:09:34 - INFO - RegisterAccount - TC1 PASSED - Account Created Successfully
2026-02-19 00:09:38 - INFO - RegisterAccount - ========== TC1 Started ==========
2026-02-19 00:09:38 - INFO - RegisterAccount - Clicked on Register link
2026-02-19 00:09:39 - INFO - RegisterAccount - Entered mandatory registration details
2026-02-19 00:09:39 - INFO - RegisterAccount - Accepted Privacy Policy
2026-02-19 00:09:40 - INFO - RegisterAccount - Clicked Continue button
2026-02-19 00:09:40 - INFO - RegisterAccount - TC1 PASSED - Account Created Successfully
2026-02-19 00:09:43 - INFO - RegisterAccount - ========== TC2 Started ==========
2026-02-19 00:09:44 - INFO - RegisterAccount - Clicked on Register link
2026-02-19 00:09:44 - INFO - RegisterAccount - Entered all registration details
2026-02-19 00:09:44 - INFO - RegisterAccount - Newsletter option selected
2026-02-19 00:09:45 - INFO - RegisterAccount - Clicked Continue button
2026-02-19 00:09:45 - INFO - RegisterAccount - TC2 PASSED - Account Created Successfully
2026-02-19 00:09:49 - INFO - RegisterAccount - ========== TC2 Started ==========
2026-02-19 00:09:49 - INFO - RegisterAccount - Clicked on Register link
2026-02-19 00:09:50 - INFO - RegisterAccount - Entered all registration details
2026-02-19 00:09:50 - INFO - RegisterAccount - Newsletter option selected
2026-02-19 00:09:51 - INFO - RegisterAccount - Clicked Continue button
2026-02-19 00:09:51 - INFO - RegisterAccount - TC2 PASSED - Account Created Successfully
2026-02-19 00:09:54 - INFO - RegisterAccount - ========== TC3 Started ==========
2026-02-19 00:09:55 - INFO - RegisterAccount - Clicked on Register link
2026-02-19 00:09:55 - INFO - RegisterAccount - Clicked Continue without entering data
2026-02-19 00:09:55 - INFO - RegisterAccount - TC3 PASSED - Warning Message Displayed
2026-02-19 00:32:00 - INFO - RegisterAccount - ========== TC1 Started ==========
2026-02-19 00:32:01 - INFO - RegisterAccount - Clicked on Register link
2026-02-19 00:32:01 - INFO - RegisterAccount - Entered mandatory registration details
2026-02-19 00:32:01 - INFO - RegisterAccount - Accepted Privacy Policy
2026-02-19 00:32:01 - INFO - RegisterAccount - Clicked Continue button
2026-02-19 00:32:03 - INFO - RegisterAccount - TC1 PASSED - Account Created Successfully
2026-02-19 00:32:07 - INFO - RegisterAccount - ========== TC1 Started ==========
2026-02-19 00:32:08 - INFO - RegisterAccount - Clicked on Register link
2026-02-19 00:32:08 - INFO - RegisterAccount - Entered mandatory registration details
2026-02-19 00:32:08 - INFO - RegisterAccount - Accepted Privacy Policy
2026-02-19 00:32:09 - INFO - RegisterAccount - Clicked Continue button
2026-02-19 00:32:10 - INFO - RegisterAccount - TC1 PASSED - Account Created Successfully
2026-02-19 00:32:12 - INFO - RegisterAccount - ========== TC2 Started ==========
2026-02-19 00:32:14 - INFO - RegisterAccount - Clicked on Register link
2026-02-19 00:32:14 - INFO - RegisterAccount - Entered all registration details
2026-02-19 00:32:14 - INFO - RegisterAccount - Newsletter option selected
2026-02-19 00:32:15 - INFO - RegisterAccount - Clicked Continue button
2026-02-19 00:32:15 - INFO - RegisterAccount - TC2 PASSED - Account Created Successfully
2026-02-19 00:32:19 - INFO - RegisterAccount - ========== TC2 Started ==========
2026-02-19 00:32:19 - INFO - RegisterAccount - Clicked on Register link
2026-02-19 00:32:20 - INFO - RegisterAccount - Entered all registration details
2026-02-19 00:32:20 - INFO - RegisterAccount - Newsletter option selected
2026-02-19 00:32:21 - INFO - RegisterAccount - Clicked Continue button
2026-02-19 00:32:21 - INFO - RegisterAccount - TC2 PASSED - Account Created Successfully
2026-02-19 00:32:24 - INFO - RegisterAccount - ========== TC3 Started ==========
2026-02-19 00:32:25 - INFO - RegisterAccount - Clicked on Register link
2026-02-19 00:32:25 - INFO - RegisterAccount - Clicked Continue without entering data
2026-02-19 00:32:25 - INFO - RegisterAccount - TC3 PASSED - Warning Message Displayed
2026-02-19 05:58:43 - INFO - RegisterAccount - ========== TC1 Started ==========
2026-02-19 05:58:44 - INFO - RegisterAccount - Clicked on Register link
2026-02-19 05:58:44 - INFO - RegisterAccount - Entered mandatory registration details
2026-02-19 05:58:44 - INFO - RegisterAccount - Accepted Privacy Policy
2026-02-19 05:58:46 - INFO - RegisterAccount - Clicked Continue button
2026-02-19 05:58:46 - INFO - RegisterAccount - TC1 PASSED - Account Created Successfully
2026-02-19 05:58:49 - INFO - RegisterAccount - ========== TC1 Started ==========
2026-02-19 05:58:50 - INFO - RegisterAccount - Clicked on Register link
2026-02-19 05:58:50 - INFO - RegisterAccount - Entered mandatory registration details
2026-02-19 05:58:51 - INFO - RegisterAccount - Accepted Privacy Policy
2026-02-19 05:58:51 - INFO - RegisterAccount - Clicked Continue button
2026-02-19 05:58:51 - INFO - RegisterAccount - TC1 PASSED - Account Created Successfully
2026-02-19 05:58:54 - INFO - RegisterAccount - ========== TC2 Started ==========
2026-02-19 05:58:55 - INFO - RegisterAccount - Clicked on Register link
2026-02-19 05:58:55 - INFO - RegisterAccount - Entered all registration details
2026-02-19 05:58:55 - INFO - RegisterAccount - Newsletter option selected
2026-02-19 05:58:56 - INFO - RegisterAccount - Clicked Continue button
2026-02-19 05:58:56 - INFO - RegisterAccount - TC2 PASSED - Account Created Successfully
2026-02-19 05:58:59 - INFO - RegisterAccount - ========== TC2 Started ==========
2026-02-19 05:59:00 - INFO - RegisterAccount - Clicked on Register link
2026-02-19 05:59:00 - INFO - RegisterAccount - Entered all registration details
2026-02-19 05:59:00 - INFO - RegisterAccount - Newsletter option selected
2026-02-19 05:59:01 - INFO - RegisterAccount - Clicked Continue button
2026-02-19 05:59:01 - INFO - RegisterAccount - TC2 PASSED - Account Created Successfully
2026-02-19 05:59:04 - INFO - RegisterAccount - ========== TC3 Started ==========
2026-02-19 05:59:04 - INFO - RegisterAccount - Clicked on Register link
2026-02-19 05:59:05 - INFO - RegisterAccount - Clicked Continue without entering data
2026-02-19 05:59:05 - INFO - RegisterAccount - TC3 PASSED - Warning Message Displayed
2026-02-19 06:03:30 - INFO - RegisterAccount - ========== TC1 Started ==========
2026-02-19 06:03:30 - INFO - RegisterAccount - Clicked on Register link
2026-02-19 06:03:31 - INFO - RegisterAccount - Entered mandatory registration details
2026-02-19 06:03:31 - INFO - RegisterAccount - Accepted Privacy Policy
2026-02-19 06:03:32 - INFO - RegisterAccount - Clicked Continue button
2026-02-19 06:03:32 - INFO - RegisterAccount - TC1 PASSED - Account Created Successfully
2026-02-19 06:03:35 - INFO - RegisterAccount - ========== TC1 Started ==========
2026-02-19 06:03:36 - INFO - RegisterAccount - Clicked on Register link
2026-02-19 06:03:36 - INFO - RegisterAccount - Entered mandatory registration details
2026-02-19 06:03:36 - INFO - RegisterAccount - Accepted Privacy Policy
2026-02-19 06:03:37 - INFO - RegisterAccount - Clicked Continue button
2026-02-19 06:03:37 - INFO - RegisterAccount - TC1 PASSED - Account Created Successfully
2026-02-19 06:03:40 - INFO - RegisterAccount - ========== TC2 Started ==========
2026-02-19 06:03:41 - INFO - RegisterAccount - Clicked on Register link
2026-02-19 06:03:42 - INFO - RegisterAccount - Entered all registration details
2026-02-19 06:03:42 - INFO - RegisterAccount - Newsletter option selected
2026-02-19 06:03:43 - INFO - RegisterAccount - Clicked Continue button
2026-02-19 06:03:43 - INFO - RegisterAccount - TC2 PASSED - Account Created Successfully
2026-02-19 06:03:45 - INFO - RegisterAccount - ========== TC2 Started ==========
2026-02-19 06:03:46 - INFO - RegisterAccount - Clicked on Register link
2026-02-19 06:03:47 - INFO - RegisterAccount - Entered all registration details
2026-02-19 06:03:47 - INFO - RegisterAccount - Newsletter option selected
2026-02-19 06:03:48 - INFO - RegisterAccount - Clicked Continue button
2026-02-19 06:03:48 - INFO - RegisterAccount - TC2 PASSED - Account Created Successfully
2026-02-19 06:03:50 - INFO - RegisterAccount - ========== TC3 Started ==========
2026-02-19 06:03:51 - INFO - RegisterAccount - Clicked on Register link
2026-02-19 06:03:51 - INFO - RegisterAccount - Clicked Continue without entering data
2026-02-19 06:03:52 - INFO - RegisterAccount - TC3 PASSED - Warning Message Displayed
2026-02-19 06:33:00 - INFO - RegisterAccount - ========== TC1 Started ==========
2026-02-19 06:33:01 - INFO - RegisterAccount - Clicked on Register link
2026-02-19 06:33:01 - INFO - RegisterAccount - Entered mandatory registration details
2026-02-19 06:33:01 - INFO - RegisterAccount - Accepted Privacy Policy
2026-02-19 06:33:03 - INFO - RegisterAccount - Clicked Continue button
2026-02-19 06:33:03 - INFO - RegisterAccount - TC1 PASSED - Account Created Successfully
2026-02-19 06:33:06 - INFO - RegisterAccount - ========== TC1 Started ==========
2026-02-19 06:33:06 - INFO - RegisterAccount - Clicked on Register link
2026-02-19 06:33:07 - INFO - RegisterAccount - Entered mandatory registration details
2026-02-19 06:33:07 - INFO - RegisterAccount - Accepted Privacy Policy
2026-02-19 06:33:08 - INFO - RegisterAccount - Clicked Continue button
2026-02-19 06:33:08 - INFO - RegisterAccount - TC1 PASSED - Account Created Successfully
2026-02-19 06:33:10 - INFO - RegisterAccount - ========== TC2 Started ==========
2026-02-19 06:33:11 - INFO - RegisterAccount - Clicked on Register link
2026-02-19 06:33:12 - INFO - RegisterAccount - Entered all registration details
2026-02-19 06:33:12 - INFO - RegisterAccount - Newsletter option selected
2026-02-19 06:33:13 - INFO - RegisterAccount - Clicked Continue button
2026-02-19 06:33:13 - INFO - RegisterAccount - TC2 PASSED - Account Created Successfully
2026-02-19 06:33:15 - INFO - RegisterAccount - ========== TC2 Started ==========
2026-02-19 06:33:16 - INFO - RegisterAccount - Clicked on Register link
2026-02-19 06:33:16 - INFO - RegisterAccount - Entered all registration details
2026-02-19 06:33:16 - INFO - RegisterAccount - Newsletter option selected
2026-02-19 06:33:17 - INFO - RegisterAccount - Clicked Continue button
2026-02-19 06:33:17 - INFO - RegisterAccount - TC2 PASSED - Account Created Successfully
2026-02-19 06:33:20 - INFO - RegisterAccount - ========== TC3 Started ==========
2026-02-19 06:33:20 - INFO - RegisterAccount - Clicked on Register link
2026-02-19 06:33:21 - INFO - RegisterAccount - Clicked Continue without entering data
2026-02-19 06:33:21 - INFO - RegisterAccount - TC3 PASSED - Warning Message Displayed
2026-02-19 11:16:38 - INFO - RegisterAccount - ========== TC1 Started ==========
2026-02-19 11:16:38 - INFO - RegisterAccount - Clicked on Register link
2026-02-19 11:16:39 - INFO - RegisterAccount - Entered mandatory registration details
2026-02-19 11:16:39 - INFO - RegisterAccount - Accepted Privacy Policy
2026-02-19 11:16:40 - INFO - RegisterAccount - Clicked Continue button
2026-02-19 11:16:40 - INFO - RegisterAccount - TC1 PASSED - Account Created Successfully
2026-02-19 11:16:42 - INFO - RegisterAccount - ========== TC1 Started ==========
2026-02-19 11:16:43 - INFO - RegisterAccount - Clicked on Register link
2026-02-19 11:16:43 - INFO - RegisterAccount - Entered mandatory registration details
2026-02-19 11:16:43 - INFO - RegisterAccount - Accepted Privacy Policy
2026-02-19 11:16:44 - INFO - RegisterAccount - Clicked Continue button
2026-02-19 11:16:44 - INFO - RegisterAccount - TC1 PASSED - Account Created Successfully
2026-02-19 11:16:47 - INFO - RegisterAccount - ========== TC2 Started ==========
2026-02-19 11:16:47 - INFO - RegisterAccount - Clicked on Register link
2026-02-19 11:16:48 - INFO - RegisterAccount - Entered all registration details
2026-02-19 11:16:48 - INFO - RegisterAccount - Newsletter option selected
2026-02-19 11:16:49 - INFO - RegisterAccount - Clicked Continue button
2026-02-19 11:16:49 - INFO - RegisterAccount - TC2 PASSED - Account Created Successfully
2026-02-19 11:16:51 - INFO - RegisterAccount - ========== TC2 Started ==========
2026-02-19 11:16:52 - INFO - RegisterAccount - Clicked on Register link
2026-02-19 11:16:52 - INFO - RegisterAccount - Entered all registration details
2026-02-19 11:16:52 - INFO - RegisterAccount - Newsletter option selected
2026-02-19 11:16:53 - INFO - RegisterAccount - Clicked Continue button
2026-02-19 11:16:53 - INFO - RegisterAccount - TC2 PASSED - Account Created Successfully
2026-02-19 11:16:56 - INFO - RegisterAccount - ========== TC3 Started ==========
2026-02-19 11:16:56 - INFO - RegisterAccount - Clicked on Register link
2026-02-19 11:16:56 - INFO - RegisterAccount - Clicked Continue without entering data
2026-02-19 11:16:57 - INFO - RegisterAccount - TC3 PASSED - Warning Message Displayed
2026-02-19 12:38:24 - INFO - RegisterAccount - ========== TC1 Started ==========
2026-02-19 12:38:25 - INFO - RegisterAccount - Clicked on Register link
2026-02-19 12:38:25 - INFO - RegisterAccount - Entered mandatory registration details
2026-02-19 12:38:25 - INFO - RegisterAccount - Accepted Privacy Policy
2026-02-19 12:38:26 - INFO - RegisterAccount - Clicked Continue button
2026-02-19 12:38:26 - INFO - RegisterAccount - TC1 PASSED - Account Created Successfully
2026-02-19 12:38:29 - INFO - RegisterAccount - ========== TC1 Started ==========
2026-02-19 12:38:30 - INFO - RegisterAccount - Clicked on Register link
2026-02-19 12:38:30 - INFO - RegisterAccount - Entered mandatory registration details
2026-02-19 12:38:30 - INFO - RegisterAccount - Accepted Privacy Policy
2026-02-19 12:38:31 - INFO - RegisterAccount - Clicked Continue button
2026-02-19 12:38:31 - INFO - RegisterAccount - TC1 PASSED - Account Created Successfully
2026-02-19 12:38:34 - INFO - RegisterAccount - ========== TC2 Started ==========
2026-02-19 12:38:34 - INFO - RegisterAccount - Clicked on Register link
2026-02-19 12:38:35 - INFO - RegisterAccount - Entered all registration details
2026-02-19 12:38:35 - INFO - RegisterAccount - Newsletter option selected
2026-02-19 12:38:36 - INFO - RegisterAccount - Clicked Continue button
2026-02-19 12:38:36 - INFO - RegisterAccount - TC2 PASSED - Account Created Successfully
2026-02-19 12:38:39 - INFO - RegisterAccount - ========== TC2 Started ==========
2026-02-19 12:38:39 - INFO - RegisterAccount - Clicked on Register link
2026-02-19 12:38:40 - INFO - RegisterAccount - Entered all registration details
2026-02-19 12:38:40 - INFO - RegisterAccount - Newsletter option selected
2026-02-19 12:38:41 - INFO - RegisterAccount - Clicked Continue button
2026-02-19 12:38:41 - INFO - RegisterAccount - TC2 PASSED - Account Created Successfully
2026-02-19 12:38:44 - INFO - RegisterAccount - ========== TC3 Started ==========
2026-02-19 12:38:44 - INFO - RegisterAccount - Clicked on Register link
2026-02-19 12:38:45 - INFO - RegisterAccount - Clicked Continue without entering data
2026-02-19 12:38:45 - INFO - RegisterAccount - TC3 PASSED - Warning Message Displayed
2026-02-19 12:42:02 - INFO - RegisterAccount - ========== TC2 Started ==========
2026-02-19 12:42:03 - INFO - RegisterAccount - Clicked on Register link
2026-02-19 12:42:03 - INFO - RegisterAccount - Entered all registration details
2026-02-19 12:42:04 - INFO - RegisterAccount - Newsletter option selected
2026-02-19 12:42:05 - INFO - RegisterAccount - Clicked Continue button
2026-02-19 12:42:05 - INFO - RegisterAccount - TC2 PASSED - Account Created Successfully
2026-02-19 12:42:08 - INFO - RegisterAccount - ========== TC2 Started ==========
2026-02-19 12:42:08 - INFO - RegisterAccount - Clicked on Register link
2026-02-19 12:42:09 - INFO - RegisterAccount - Entered all registration details
2026-02-19 12:42:09 - INFO - RegisterAccount - Newsletter option selected
2026-02-19 12:42:10 - INFO - RegisterAccount - Clicked Continue button
2026-02-19 12:42:10 - INFO - RegisterAccount - TC2 PASSED - Account Created Successfully
2026-02-19 12:42:34 - INFO - RegisterAccount - ========== TC2 Started ==========
2026-02-19 12:42:35 - INFO - RegisterAccount - Clicked on Register link
2026-02-19 12:42:35 - INFO - RegisterAccount - Entered all registration details
2026-02-19 12:42:35 - INFO - RegisterAccount - Newsletter option selected
2026-02-19 12:42:36 - INFO - RegisterAccount - Clicked Continue button
2026-02-19 12:42:36 - INFO - RegisterAccount - TC2 PASSED - Account Created Successfully
2026-02-19 12:42:39 - INFO - RegisterAccount - ========== TC2 Started ==========
2026-02-19 12:42:39 - INFO - RegisterAccount - Clicked on Register link
2026-02-19 12:42:40 - INFO - RegisterAccount - Entered all registration details
2026-02-19 12:42:40 - INFO - RegisterAccount - Newsletter option selected
2026-02-19 12:42:41 - INFO - RegisterAccount - Clicked Continue button
2026-02-19 12:42:41 - INFO - RegisterAccount - TC2 PASSED - Account Created Successfully
2026-02-20 05:38:02 - INFO - RegisterAccount - ========== TC1 Started ==========
2026-02-20 05:38:02 - INFO - RegisterAccount - Clicked on Register link
2026-02-20 05:38:03 - INFO - RegisterAccount - Entered mandatory registration details
2026-02-20 05:38:03 - INFO - RegisterAccount - Accepted Privacy Policy
2026-02-20 05:38:04 - INFO - RegisterAccount - Clicked Continue button
2026-02-20 05:38:04 - INFO - RegisterAccount - TC1 PASSED - Account Created Successfully
2026-02-20 05:38:07 - INFO - RegisterAccount - ========== TC1 Started ==========
2026-02-20 05:38:07 - INFO - RegisterAccount - Clicked on Register link
2026-02-20 05:38:08 - INFO - RegisterAccount - Entered mandatory registration details
2026-02-20 05:38:08 - INFO - RegisterAccount - Accepted Privacy Policy
2026-02-20 05:38:09 - INFO - RegisterAccount - Clicked Continue button
2026-02-20 05:38:09 - INFO - RegisterAccount - TC1 PASSED - Account Created Successfully
2026-02-20 05:38:11 - INFO - RegisterAccount - ========== TC2 Started ==========
2026-02-20 05:38:12 - INFO - RegisterAccount - Clicked on Register link
2026-02-20 05:38:13 - INFO - RegisterAccount - Entered all registration details
2026-02-20 05:38:13 - INFO - RegisterAccount - Newsletter option selected
2026-02-20 05:38:14 - INFO - RegisterAccount - Clicked Continue button
2026-02-20 05:38:14 - INFO - RegisterAccount - TC2 PASSED - Account Created Successfully
2026-02-20 05:38:17 - INFO - RegisterAccount - ========== TC2 Started ==========
2026-02-20 05:38:17 - INFO - RegisterAccount - Clicked on Register link
2026-02-20 05:38:18 - INFO - RegisterAccount - Entered all registration details
2026-02-20 05:38:18 - INFO - RegisterAccount - Newsletter option selected
2026-02-20 05:38:19 - INFO - RegisterAccount - Clicked Continue button
2026-02-20 05:38:19 - INFO - RegisterAccount - TC2 PASSED - Account Created Successfully
2026-02-20 05:38:22 - INFO - RegisterAccount - ========== TC3 Started ==========
2026-02-20 05:38:22 - INFO - RegisterAccount - Clicked on Register link
2026-02-20 05:38:23 - INFO - RegisterAccount - Clicked Continue without entering data
2026-02-20 05:38:23 - INFO - RegisterAccount - TC3 PASSED - Warning Message Displayed
2026-02-20 21:44:01 - INFO - RegisterAccount - ========== TC1 Started ==========
2026-02-20 21:44:02 - INFO - RegisterAccount - Clicked on Register link
2026-02-20 21:44:02 - INFO - RegisterAccount - Entered mandatory registration details
2026-02-20 21:44:02 - INFO - RegisterAccount - Accepted Privacy Policy
2026-02-20 21:44:03 - INFO - RegisterAccount - Clicked Continue button
2026-02-20 21:44:03 - INFO - RegisterAccount - TC1 PASSED - Account Created Successfully
2026-02-20 21:44:06 - INFO - RegisterAccount - ========== TC1 Started ==========
2026-02-20 21:44:06 - INFO - RegisterAccount - Clicked on Register link
2026-02-20 21:44:07 - INFO - RegisterAccount - Entered mandatory registration details
2026-02-20 21:44:07 - INFO - RegisterAccount - Accepted Privacy Policy
2026-02-20 21:44:07 - INFO - RegisterAccount - Clicked Continue button
2026-02-20 21:44:08 - INFO - RegisterAccount - TC1 PASSED - Account Created Successfully
2026-02-20 21:44:10 - INFO - RegisterAccount - ========== TC2 Started ==========
2026-02-20 21:44:11 - INFO - RegisterAccount - Clicked on Register link
2026-02-20 21:44:11 - INFO - RegisterAccount - Entered all registration details
2026-02-20 21:44:11 - INFO - RegisterAccount - Newsletter option selected
2026-02-20 21:44:12 - INFO - RegisterAccount - Clicked Continue button
2026-02-20 21:44:12 - INFO - RegisterAccount - TC2 PASSED - Account Created Successfully
2026-02-20 21:44:14 - INFO - RegisterAccount - ========== TC2 Started ==========
2026-02-20 21:44:15 - INFO - RegisterAccount - Clicked on Register link
2026-02-20 21:44:15 - INFO - RegisterAccount - Entered all registration details
2026-02-20 21:44:15 - INFO - RegisterAccount - Newsletter option selected
2026-02-20 21:44:16 - INFO - RegisterAccount - Clicked Continue button
2026-02-20 21:44:16 - INFO - RegisterAccount - TC2 PASSED - Account Created Successfully
2026-02-20 21:44:18 - INFO - RegisterAccount - ========== TC3 Started ==========
2026-02-20 21:44:19 - INFO - RegisterAccount - Clicked on Register link
2026-02-20 21:44:19 - INFO - RegisterAccount - Clicked Continue without entering data
2026-02-20 21:44:19 - INFO - RegisterAccount - TC3 PASSED - Warning Message Displayed
2026-02-20 21:47:51 - INFO - RegisterAccount - ========== TC1 Started ==========
2026-02-20 21:47:51 - INFO - RegisterAccount - Clicked on Register link
2026-02-20 21:47:52 - INFO - RegisterAccount - Entered mandatory registration details
2026-02-20 21:47:52 - INFO - RegisterAccount - Accepted Privacy Policy
2026-02-20 21:47:52 - INFO - RegisterAccount - Clicked Continue button
2026-02-20 21:47:53 - INFO - RegisterAccount - TC1 PASSED - Account Created Successfully
2026-02-20 21:47:56 - INFO - RegisterAccount - ========== TC1 Started ==========
2026-02-20 21:47:56 - INFO - RegisterAccount - Clicked on Register link
2026-02-20 21:47:57 - INFO - RegisterAccount - Entered mandatory registration details
2026-02-20 21:47:57 - INFO - RegisterAccount - Accepted Privacy Policy
2026-02-20 21:47:57 - INFO - RegisterAccount - Clicked Continue button
2026-02-20 21:47:58 - INFO - RegisterAccount - TC1 PASSED - Account Created Successfully
2026-02-20 21:48:00 - INFO - RegisterAccount - ========== TC2 Started ==========
2026-02-20 21:48:00 - INFO - RegisterAccount - Clicked on Register link
2026-02-20 21:48:00 - INFO - RegisterAccount - Entered all registration details
2026-02-20 21:48:00 - INFO - RegisterAccount - Newsletter option selected
2026-02-20 21:48:02 - INFO - RegisterAccount - Clicked Continue button
2026-02-20 21:48:02 - INFO - RegisterAccount - TC2 PASSED - Account Created Successfully
2026-02-20 21:48:04 - INFO - RegisterAccount - ========== TC2 Started ==========
2026-02-20 21:48:05 - INFO - RegisterAccount - Clicked on Register link
2026-02-20 21:48:05 - INFO - RegisterAccount - Entered all registration details
2026-02-20 21:48:05 - INFO - RegisterAccount - Newsletter option selected
2026-02-20 21:48:06 - INFO - RegisterAccount - Clicked Continue button
2026-02-20 21:48:06 - INFO - RegisterAccount - TC2 PASSED - Account Created Successfully
2026-02-20 21:48:08 - INFO - RegisterAccount - ========== TC3 Started ==========
2026-02-20 21:48:09 - INFO - RegisterAccount - Clicked on Register link
2026-02-20 21:48:09 - INFO - RegisterAccount - Clicked Continue without entering data
2026-02-20 21:48:09 - INFO - RegisterAccount - TC3 PASSED - Warning Message Displayed
2026-02-20 22:10:11 - INFO - RegisterAccount - ========== TC1 Started ==========
2026-02-20 22:10:11 - INFO - RegisterAccount - Clicked on Register link
2026-02-20 22:10:12 - INFO - RegisterAccount - Entered mandatory registration details
2026-02-20 22:10:12 - INFO - RegisterAccount - Accepted Privacy Policy
2026-02-20 22:10:14 - INFO - RegisterAccount - Clicked Continue button
2026-02-20 22:10:14 - INFO - RegisterAccount - TC1 PASSED - Account Created Successfully
2026-02-20 22:10:17 - INFO - RegisterAccount - ========== TC1 Started ==========
2026-02-20 22:10:17 - INFO - RegisterAccount - Clicked on Register link
2026-02-20 22:10:18 - INFO - RegisterAccount - Entered mandatory registration details
2026-02-20 22:10:18 - INFO - RegisterAccount - Accepted Privacy Policy
2026-02-20 22:10:20 - INFO - RegisterAccount - Clicked Continue button
2026-02-20 22:10:20 - INFO - RegisterAccount - TC1 PASSED - Account Created Successfully
2026-02-20 22:10:22 - INFO - RegisterAccount - ========== TC2 Started ==========
2026-02-20 22:10:22 - INFO - RegisterAccount - Clicked on Register link
2026-02-20 22:10:23 - INFO - RegisterAccount - Entered all registration details
2026-02-20 22:10:23 - INFO - RegisterAccount - Newsletter option selected
2026-02-20 22:10:24 - INFO - RegisterAccount - Clicked Continue button
2026-02-20 22:10:24 - INFO - RegisterAccount - TC2 PASSED - Account Created Successfully
2026-02-20 22:10:26 - INFO - RegisterAccount - ========== TC2 Started ==========
2026-02-20 22:10:26 - INFO - RegisterAccount - Clicked on Register link
2026-02-20 22:10:26 - INFO - RegisterAccount - Entered all registration details
2026-02-20 22:10:27 - INFO - RegisterAccount - Newsletter option selected
2026-02-20 22:10:27 - INFO - RegisterAccount - Clicked Continue button
2026-02-20 22:10:27 - INFO - RegisterAccount - TC2 PASSED - Account Created Successfully
2026-02-20 22:10:30 - INFO - RegisterAccount - ========== TC3 Started ==========
2026-02-20 22:10:30 - INFO - RegisterAccount - Clicked on Register link
2026-02-20 22:10:31 - INFO - RegisterAccount - Clicked Continue without entering data
2026-02-20 22:10:31 - INFO - RegisterAccount - TC3 PASSED - Warning Message Displayed
